0 info it worked if it ends with ok
1 verbose cli [ 'C:\\Program Files\\nodejs\\node.exe',
1 verbose cli   'C:\\Program Files\\nodejs\\node_modules\\npm\\bin\\npm-cli.js',
1 verbose cli   'install',
1 verbose cli   '-save',
1 verbose cli   'ocrad' ]
2 info using npm@2.14.12
3 info using node@v4.2.6
4 verbose install initial load of C:\Users\Bill\Documents\GitHub\coolname_frontend\package.json
5 warn package.json coolnameFrontend@0.0.0 No description
6 warn package.json coolnameFrontend@0.0.0 No repository field.
7 warn package.json coolnameFrontend@0.0.0 No README data
8 warn package.json coolnameFrontend@0.0.0 No license field.
9 verbose installManyTop reading scoped package data from C:\Users\Bill\Documents\GitHub\coolname_frontend\node_modules\browser-sync\package.json
10 verbose installManyTop reading scoped package data from C:\Users\Bill\Documents\GitHub\coolname_frontend\node_modules\browser-sync-spa\package.json
11 verbose installManyTop reading scoped package data from C:\Users\Bill\Documents\GitHub\coolname_frontend\node_modules\chalk\package.json
12 verbose installManyTop reading scoped package data from C:\Users\Bill\Documents\GitHub\coolname_frontend\node_modules\del\package.json
13 verbose installManyTop reading scoped package data from C:\Users\Bill\Documents\GitHub\coolname_frontend\node_modules\eslint-plugin-angular\package.json
14 verbose installManyTop reading scoped package data from C:\Users\Bill\Documents\GitHub\coolname_frontend\node_modules\estraverse\package.json
15 verbose installManyTop reading scoped package data from C:\Users\Bill\Documents\GitHub\coolname_frontend\node_modules\gulp\package.json
16 verbose installManyTop reading scoped package data from C:\Users\Bill\Documents\GitHub\coolname_frontend\node_modules\gulp-angular-filesort\package.json
17 verbose installManyTop reading scoped package data from C:\Users\Bill\Documents\GitHub\coolname_frontend\node_modules\gulp-angular-templatecache\package.json
18 verbose installManyTop reading scoped package data from C:\Users\Bill\Documents\GitHub\coolname_frontend\node_modules\gulp-autoprefixer\package.json
19 verbose installManyTop reading scoped package data from C:\Users\Bill\Documents\GitHub\coolname_frontend\node_modules\gulp-coffee\package.json
20 verbose installManyTop reading scoped package data from C:\Users\Bill\Documents\GitHub\coolname_frontend\node_modules\gulp-coffeelint\package.json
21 verbose installManyTop reading scoped package data from C:\Users\Bill\Documents\GitHub\coolname_frontend\node_modules\gulp-consolidate\package.json
22 verbose installManyTop reading scoped package data from C:\Users\Bill\Documents\GitHub\coolname_frontend\node_modules\gulp-eslint\package.json
23 verbose installManyTop reading scoped package data from C:\Users\Bill\Documents\GitHub\coolname_frontend\node_modules\gulp-filter\package.json
24 verbose installManyTop reading scoped package data from C:\Users\Bill\Documents\GitHub\coolname_frontend\node_modules\gulp-flatten\package.json
25 verbose installManyTop reading scoped package data from C:\Users\Bill\Documents\GitHub\coolname_frontend\node_modules\gulp-inject\package.json
26 verbose installManyTop reading scoped package data from C:\Users\Bill\Documents\GitHub\coolname_frontend\node_modules\gulp-load-plugins\package.json
27 verbose installManyTop reading scoped package data from C:\Users\Bill\Documents\GitHub\coolname_frontend\node_modules\gulp-minify-css\package.json
28 verbose installManyTop reading scoped package data from C:\Users\Bill\Documents\GitHub\coolname_frontend\node_modules\gulp-minify-html\package.json
29 verbose installManyTop reading scoped package data from C:\Users\Bill\Documents\GitHub\coolname_frontend\node_modules\gulp-ng-annotate\package.json
30 verbose installManyTop reading scoped package data from C:\Users\Bill\Documents\GitHub\coolname_frontend\node_modules\gulp-protractor\package.json
31 verbose installManyTop reading scoped package data from C:\Users\Bill\Documents\GitHub\coolname_frontend\node_modules\gulp-rename\package.json
32 verbose installManyTop reading scoped package data from C:\Users\Bill\Documents\GitHub\coolname_frontend\node_modules\gulp-replace\package.json
33 verbose installManyTop reading scoped package data from C:\Users\Bill\Documents\GitHub\coolname_frontend\node_modules\gulp-rev\package.json
34 verbose installManyTop reading scoped package data from C:\Users\Bill\Documents\GitHub\coolname_frontend\node_modules\gulp-rev-replace\package.json
35 verbose installManyTop reading scoped package data from C:\Users\Bill\Documents\GitHub\coolname_frontend\node_modules\gulp-ruby-sass\package.json
36 verbose installManyTop reading scoped package data from C:\Users\Bill\Documents\GitHub\coolname_frontend\node_modules\gulp-size\package.json
37 verbose installManyTop reading scoped package data from C:\Users\Bill\Documents\GitHub\coolname_frontend\node_modules\gulp-sourcemaps\package.json
38 verbose installManyTop reading scoped package data from C:\Users\Bill\Documents\GitHub\coolname_frontend\node_modules\gulp-uglify\package.json
39 verbose installManyTop reading scoped package data from C:\Users\Bill\Documents\GitHub\coolname_frontend\node_modules\gulp-useref\package.json
40 verbose installManyTop reading scoped package data from C:\Users\Bill\Documents\GitHub\coolname_frontend\node_modules\gulp-util\package.json
41 verbose installManyTop reading scoped package data from C:\Users\Bill\Documents\GitHub\coolname_frontend\node_modules\http-proxy-middleware\package.json
42 verbose installManyTop reading scoped package data from C:\Users\Bill\Documents\GitHub\coolname_frontend\node_modules\jade\package.json
43 verbose installManyTop reading scoped package data from C:\Users\Bill\Documents\GitHub\coolname_frontend\node_modules\jasmine-core\package.json
44 verbose installManyTop reading scoped package data from C:\Users\Bill\Documents\GitHub\coolname_frontend\node_modules\karma\package.json
45 verbose installManyTop reading scoped package data from C:\Users\Bill\Documents\GitHub\coolname_frontend\node_modules\karma-angular-filesort\package.json
46 verbose installManyTop reading scoped package data from C:\Users\Bill\Documents\GitHub\coolname_frontend\node_modules\karma-coverage\package.json
47 verbose installManyTop reading scoped package data from C:\Users\Bill\Documents\GitHub\coolname_frontend\node_modules\karma-jasmine\package.json
48 verbose installManyTop reading scoped package data from C:\Users\Bill\Documents\GitHub\coolname_frontend\node_modules\karma-ng-html2js-preprocessor\package.json
49 verbose installManyTop reading scoped package data from C:\Users\Bill\Documents\GitHub\coolname_frontend\node_modules\karma-phantomjs-launcher\package.json
50 verbose installManyTop reading scoped package data from C:\Users\Bill\Documents\GitHub\coolname_frontend\node_modules\lodash\package.json
51 verbose installManyTop reading scoped package data from C:\Users\Bill\Documents\GitHub\coolname_frontend\node_modules\main-bower-files\package.json
52 verbose installManyTop reading scoped package data from C:\Users\Bill\Documents\GitHub\coolname_frontend\node_modules\phantomjs\package.json
53 verbose installManyTop reading scoped package data from C:\Users\Bill\Documents\GitHub\coolname_frontend\node_modules\uglify-save-license\package.json
54 verbose installManyTop reading scoped package data from C:\Users\Bill\Documents\GitHub\coolname_frontend\node_modules\wiredep\package.json
55 verbose installManyTop reading scoped package data from C:\Users\Bill\Documents\GitHub\coolname_frontend\node_modules\wrench\package.json
56 info package.json gulp-coffee@2.3.1 No license field.
57 info package.json gulp-consolidate@0.1.2 No license field.
58 info package.json gulp-inject@3.0.0 No license field.
59 info package.json gulp-rename@1.2.2 No license field.
60 info package.json gulp-protractor@1.0.0 No license field.
61 info package.json wiredep@2.2.2 No license field.
62 info package.json wrench@1.5.8 No license field.
63 info package.json uglify-save-license@0.4.1 No license field.
64 info package.json gulp-minify-html@1.0.5 No repository field.
65 info package.json gulp-minify-css@1.2.3 No repository field.
66 verbose readDependencies loading dependencies from C:\Users\Bill\Documents\GitHub\coolname_frontend\package.json
67 silly cache add args [ 'ocrad', null ]
68 verbose cache add spec ocrad
69 silly cache add parsed spec Result {
69 silly cache add   raw: 'ocrad',
69 silly cache add   scope: null,
69 silly cache add   name: 'ocrad',
69 silly cache add   rawSpec: '',
69 silly cache add   spec: 'latest',
69 silly cache add   type: 'tag' }
70 silly addNamed ocrad@latest
71 verbose addNamed "latest" is being treated as a dist-tag for ocrad
72 info addNameTag [ 'ocrad', 'latest' ]
73 silly mapToRegistry name ocrad
74 silly mapToRegistry using default registry
75 silly mapToRegistry registry https://registry.npmjs.org/
76 silly mapToRegistry uri https://registry.npmjs.org/ocrad
77 verbose addNameTag registry:https://registry.npmjs.org/ocrad not in flight; fetching
78 verbose request uri https://registry.npmjs.org/ocrad
79 verbose request no auth needed
80 info attempt registry request try #1 at 3:51:25 AM
81 verbose request id c35e7e564343c86d
82 http request GET https://registry.npmjs.org/ocrad
83 http 404 https://registry.npmjs.org/ocrad
84 verbose headers { 'content-type': 'application/json',
84 verbose headers   'cache-control': 'max-age=0',
84 verbose headers   'content-length': '2',
84 verbose headers   'accept-ranges': 'bytes',
84 verbose headers   date: 'Sun, 31 Jan 2016 03:51:27 GMT',
84 verbose headers   via: '1.1 varnish',
84 verbose headers   age: '0',
84 verbose headers   connection: 'keep-alive',
84 verbose headers   'x-served-by': 'cache-lcy1122-LCY',
84 verbose headers   'x-cache': 'MISS',
84 verbose headers   'x-cache-hits': '0',
84 verbose headers   'x-timer': 'S1454212286.962905,VS0,VE401' }
85 silly get cb [ 404,
85 silly get   { 'content-type': 'application/json',
85 silly get     'cache-control': 'max-age=0',
85 silly get     'content-length': '2',
85 silly get     'accept-ranges': 'bytes',
85 silly get     date: 'Sun, 31 Jan 2016 03:51:27 GMT',
85 silly get     via: '1.1 varnish',
85 silly get     age: '0',
85 silly get     connection: 'keep-alive',
85 silly get     'x-served-by': 'cache-lcy1122-LCY',
85 silly get     'x-cache': 'MISS',
85 silly get     'x-cache-hits': '0',
85 silly get     'x-timer': 'S1454212286.962905,VS0,VE401' } ]
86 verbose stack Error: Registry returned 404 for GET on https://registry.npmjs.org/ocrad
86 verbose stack     at makeError (C:\Program Files\nodejs\node_modules\npm\node_modules\npm-registry-client\lib\request.js:264:12)
86 verbose stack     at CachingRegistryClient.<anonymous> (C:\Program Files\nodejs\node_modules\npm\node_modules\npm-registry-client\lib\request.js:242:14)
86 verbose stack     at Request._callback (C:\Program Files\nodejs\node_modules\npm\node_modules\npm-registry-client\lib\request.js:172:14)
86 verbose stack     at Request.self.callback (C:\Program Files\nodejs\node_modules\npm\node_modules\request\request.js:198:22)
86 verbose stack     at emitTwo (events.js:87:13)
86 verbose stack     at Request.emit (events.js:172:7)
86 verbose stack     at Request.<anonymous> (C:\Program Files\nodejs\node_modules\npm\node_modules\request\request.js:1082:10)
86 verbose stack     at emitOne (events.js:82:20)
86 verbose stack     at Request.emit (events.js:169:7)
86 verbose stack     at IncomingMessage.<anonymous> (C:\Program Files\nodejs\node_modules\npm\node_modules\request\request.js:1009:12)
87 verbose statusCode 404
88 verbose pkgid ocrad
89 verbose cwd C:\Users\Bill\Documents\GitHub\coolname_frontend
90 error Windows_NT 10.0.10586
91 error argv "C:\\Program Files\\nodejs\\node.exe" "C:\\Program Files\\nodejs\\node_modules\\npm\\bin\\npm-cli.js" "install" "-save" "ocrad"
92 error node v4.2.6
93 error npm  v2.14.12
94 error code E404
95 error 404 Registry returned 404 for GET on https://registry.npmjs.org/ocrad
95 error 404
95 error 404 'ocrad' is not in the npm registry.
95 error 404 You should bug the author to publish it (or use the name yourself!)
95 error 404 It was specified as a dependency of 'coolnameFrontend'
95 error 404
95 error 404 Note that you can also install from a
95 error 404 tarball, folder, http url, or git url.
96 verbose exit [ 1, true ]
